<?xml version="1.0" encoding="UTF-8"?>
<!-- Generated by org.testng.reporters.JUnitReportReporter -->
<testsuite skipped="0" hostname="SasuKe" name="com.w2a.testcases.LoginTest" tests="1" failures="0" timestamp="04 Dec 2021 06:43:31 GMT" time="3.401" errors="0">
  <testcase name="loginAsBankManager" time="3.401" classname="com.w2a.testcases.LoginTest"/>
</testsuite> <!-- com.w2a.testcases.LoginTest -->
